litert_npu_runtime_libraries/runtime_strings/build/intermediates/manifest_merge_blame_file/debug/processDebugManifest/manifest-merger-blame-debug-report.txt
1<?xml version="1.0" encoding="utf-8"?>
2<manifest xmlns:android="http://schemas.android.com/apk/res/android"
3    package="com.google.ai.edge.litert.runtime_strings" >
4
5    <uses-sdk android:minSdkVersion="31" />
5-->INJECTED
5-->INJECTED
6
7</manifest>